<?xml version="1.0" encoding="UTF-8"?>
<testng-results ignored="0" total="1" passed="1" failed="0" skipped="0">
  <reporter-output>
  </reporter-output>
  <suite started-at="2026-03-16T23:04:01 IST" name="Surefire suite" finished-at="2026-03-16T23:04:17 IST" duration-ms="16016">
    <groups>
    </groups>
    <test started-at="2026-03-16T23:04:01 IST" name="Surefire test" finished-at="2026-03-16T23:04:17 IST" duration-ms="16016">
      <class name="example.NewTest">
        <test-method is-config="true" signature="setup()[pri:0, instance:example.NewTest@47542153]" started-at="2026-03-16T23:04:01 IST" name="setup" finished-at="2026-03-16T23:04:13 IST" duration-ms="11856" status="PASS">
          <reporter-output>
          </reporter-output>
        </test-method> <!-- setup -->
        <test-method signature="testTitle()[pri:0, instance:example.NewTest@47542153]" started-at="2026-03-16T23:04:13 IST" name="testTitle" finished-at="2026-03-16T23:04:16 IST" duration-ms="3805" status="PASS">
          <reporter-output>
          </reporter-output>
        </test-method> <!-- testTitle -->
        <test-method is-config="true" signature="close()[pri:0, instance:example.NewTest@47542153]" started-at="2026-03-16T23:04:16 IST" name="close" finished-at="2026-03-16T23:04:17 IST" duration-ms="297" status="PASS">
          <reporter-output>
          </reporter-output>
        </test-method> <!-- close -->
      </class> <!-- example.NewTest -->
    </test> <!-- Surefire test -->
  </suite> <!-- Surefire suite -->
</testng-results>
